[INFO ] 2018-11-23 12:01:35.523 [qtp1560203450-14] OwnerService - ESTAS EN EL ListService
[DEBUG] 2018-11-23 12:01:35.760 [qtp1560203450-14] ListadoOwnerServlet - This is a debug message
[INFO ] 2018-11-23 12:01:35.761 [qtp1560203450-14] ListadoOwnerServlet - This is an info message
[WARN ] 2018-11-23 12:01:35.761 [qtp1560203450-14] ListadoOwnerServlet - This is a warn message
[ERROR] 2018-11-23 12:01:35.761 [qtp1560203450-14] ListadoOwnerServlet - This is an error message
[FATAL] 2018-11-23 12:01:35.761 [qtp1560203450-14] ListadoOwnerServlet - This is a fatal message
[INFO ] 2018-11-23 12:09:30.705 [qtp1144499207-19] OwnerService - ESTAS EN EL ListService
[DEBUG] 2018-11-23 12:09:31.065 [qtp1144499207-19] ListadoOwnerServlet - This is a debug message
[INFO ] 2018-11-23 12:09:31.066 [qtp1144499207-19] ListadoOwnerServlet - This is an info message
[WARN ] 2018-11-23 12:09:31.066 [qtp1144499207-19] ListadoOwnerServlet - This is a warn message
[ERROR] 2018-11-23 12:09:31.066 [qtp1144499207-19] ListadoOwnerServlet - This is an error message
[FATAL] 2018-11-23 12:09:31.066 [qtp1144499207-19] ListadoOwnerServlet - This is a fatal message
[INFO ] 2018-11-23 12:09:31.276 [qtp1144499207-15] OwnerService - ESTAS EN EL ListService
[DEBUG] 2018-11-23 12:09:31.601 [qtp1144499207-15] ListadoOwnerServlet - This is a debug message
[INFO ] 2018-11-23 12:09:31.602 [qtp1144499207-15] ListadoOwnerServlet - This is an info message
[WARN ] 2018-11-23 12:09:31.602 [qtp1144499207-15] ListadoOwnerServlet - This is a warn message
[ERROR] 2018-11-23 12:09:31.602 [qtp1144499207-15] ListadoOwnerServlet - This is an error message
[FATAL] 2018-11-23 12:09:31.602 [qtp1144499207-15] ListadoOwnerServlet - This is a fatal message
[INFO ] 2018-11-23 12:09:31.909 [qtp1144499207-16] OwnerService - ESTAS EN EL ListService
[DEBUG] 2018-11-23 12:09:32.233 [qtp1144499207-16] ListadoOwnerServlet - This is a debug message
[INFO ] 2018-11-23 12:09:32.234 [qtp1144499207-16] ListadoOwnerServlet - This is an info message
[WARN ] 2018-11-23 12:09:32.234 [qtp1144499207-16] ListadoOwnerServlet - This is a warn message
[ERROR] 2018-11-23 12:09:32.234 [qtp1144499207-16] ListadoOwnerServlet - This is an error message
[FATAL] 2018-11-23 12:09:32.234 [qtp1144499207-16] ListadoOwnerServlet - This is a fatal message
[INFO ] 2018-11-23 12:09:52.705 [qtp1144499207-16] OwnerService - ESTAS EN EL ListService
[DEBUG] 2018-11-23 12:09:53.037 [qtp1144499207-16] ListadoOwnerServlet - This is a debug message
[INFO ] 2018-11-23 12:09:53.037 [qtp1144499207-16] ListadoOwnerServlet - This is an info message
[WARN ] 2018-11-23 12:09:53.037 [qtp1144499207-16] ListadoOwnerServlet - This is a warn message
[ERROR] 2018-11-23 12:09:53.037 [qtp1144499207-16] ListadoOwnerServlet - This is an error message
[FATAL] 2018-11-23 12:09:53.037 [qtp1144499207-16] ListadoOwnerServlet - This is a fatal message
[INFO ] 2018-11-23 12:23:25.872 [qtp1144499207-15] OwnerService - ESTAS EN EL ListService
[DEBUG] 2018-11-23 12:23:26.580 [qtp1144499207-15] ListadoOwnerServlet - This is a debug message
[INFO ] 2018-11-23 12:23:26.580 [qtp1144499207-15] ListadoOwnerServlet - This is an info message
[WARN ] 2018-11-23 12:23:26.580 [qtp1144499207-15] ListadoOwnerServlet - This is a warn message
[ERROR] 2018-11-23 12:23:26.580 [qtp1144499207-15] ListadoOwnerServlet - This is an error message
[FATAL] 2018-11-23 12:23:26.581 [qtp1144499207-15] ListadoOwnerServlet - This is a fatal message
[INFO ] 2018-11-23 12:37:44.870 [qtp1144499207-15] OwnerService - ESTAS EN EL ListService
[DEBUG] 2018-11-23 12:37:45.195 [qtp1144499207-15] ListadoOwnerServlet - This is a debug message
[INFO ] 2018-11-23 12:37:45.195 [qtp1144499207-15] ListadoOwnerServlet - This is an info message
[WARN ] 2018-11-23 12:37:45.195 [qtp1144499207-15] ListadoOwnerServlet - This is a warn message
[ERROR] 2018-11-23 12:37:45.196 [qtp1144499207-15] ListadoOwnerServlet - This is an error message
[FATAL] 2018-11-23 12:37:45.196 [qtp1144499207-15] ListadoOwnerServlet - This is a fatal message
[INFO ] 2018-11-23 12:39:17.512 [qtp1144499207-49] OwnerService - ESTAS EN EL ListService
[DEBUG] 2018-11-23 12:39:17.627 [qtp1144499207-49] ListadoOwnerServlet - This is a debug message
[INFO ] 2018-11-23 12:39:17.627 [qtp1144499207-49] ListadoOwnerServlet - This is an info message
[WARN ] 2018-11-23 12:39:17.627 [qtp1144499207-49] ListadoOwnerServlet - This is a warn message
[ERROR] 2018-11-23 12:39:17.627 [qtp1144499207-49] ListadoOwnerServlet - This is an error message
[FATAL] 2018-11-23 12:39:17.627 [qtp1144499207-49] ListadoOwnerServlet - This is a fatal message
[INFO ] 2018-11-23 12:49:04.337 [qtp1144499207-20] OwnerService - ESTAS EN EL ListService
[DEBUG] 2018-11-23 12:49:04.658 [qtp1144499207-20] ListadoOwnerServlet - This is a debug message
[INFO ] 2018-11-23 12:49:04.659 [qtp1144499207-20] ListadoOwnerServlet - This is an info message
[WARN ] 2018-11-23 12:49:04.659 [qtp1144499207-20] ListadoOwnerServlet - This is a warn message
[ERROR] 2018-11-23 12:49:04.659 [qtp1144499207-20] ListadoOwnerServlet - This is an error message
[FATAL] 2018-11-23 12:49:04.659 [qtp1144499207-20] ListadoOwnerServlet - This is a fatal message
[INFO ] 2018-11-23 12:50:01.124 [qtp1144499207-15] OwnerService - ESTAS EN EL ListService
[DEBUG] 2018-11-23 12:50:01.490 [qtp1144499207-15] ListadoOwnerServlet - This is a debug message
[INFO ] 2018-11-23 12:50:01.490 [qtp1144499207-15] ListadoOwnerServlet - This is an info message
[WARN ] 2018-11-23 12:50:01.490 [qtp1144499207-15] ListadoOwnerServlet - This is a warn message
[ERROR] 2018-11-23 12:50:01.491 [qtp1144499207-15] ListadoOwnerServlet - This is an error message
[FATAL] 2018-11-23 12:50:01.491 [qtp1144499207-15] ListadoOwnerServlet - This is a fatal message
[INFO ] 2018-11-29 23:23:39.684 [qtp1144499207-15] OwnerService - ESTAS EN EL ListService
[DEBUG] 2018-11-29 23:23:40.297 [qtp1144499207-15] ListadoOwnerServlet - This is a debug message
[INFO ] 2018-11-29 23:23:40.297 [qtp1144499207-15] ListadoOwnerServlet - This is an info message
[WARN ] 2018-11-29 23:23:40.297 [qtp1144499207-15] ListadoOwnerServlet - This is a warn message
[ERROR] 2018-11-29 23:23:40.298 [qtp1144499207-15] ListadoOwnerServlet - This is an error message
[FATAL] 2018-11-29 23:23:40.299 [qtp1144499207-15] ListadoOwnerServlet - This is a fatal message
[INFO ] 2018-11-29 23:23:47.016 [qtp1144499207-16] OwnerService - ESTAS EN EL ListService
[DEBUG] 2018-11-29 23:23:47.058 [qtp1144499207-16] ListadoOwnerServlet - This is a debug message
[INFO ] 2018-11-29 23:23:47.058 [qtp1144499207-16] ListadoOwnerServlet - This is an info message
[WARN ] 2018-11-29 23:23:47.058 [qtp1144499207-16] ListadoOwnerServlet - This is a warn message
[ERROR] 2018-11-29 23:23:47.058 [qtp1144499207-16] ListadoOwnerServlet - This is an error message
[FATAL] 2018-11-29 23:23:47.058 [qtp1144499207-16] ListadoOwnerServlet - This is a fatal message
[INFO ] 2018-11-29 23:23:47.658 [qtp1144499207-20] OwnerService - ESTAS EN EL ListService
[DEBUG] 2018-11-29 23:23:47.781 [qtp1144499207-20] ListadoOwnerServlet - This is a debug message
[INFO ] 2018-11-29 23:23:47.781 [qtp1144499207-20] ListadoOwnerServlet - This is an info message
[WARN ] 2018-11-29 23:23:47.781 [qtp1144499207-20] ListadoOwnerServlet - This is a warn message
[ERROR] 2018-11-29 23:23:47.781 [qtp1144499207-20] ListadoOwnerServlet - This is an error message
[FATAL] 2018-11-29 23:23:47.781 [qtp1144499207-20] ListadoOwnerServlet - This is a fatal message
[INFO ] 2018-11-29 23:24:06.322 [qtp1144499207-20] OwnerService - ESTAS EN EL ListService
[DEBUG] 2018-11-29 23:24:06.444 [qtp1144499207-20] ListadoOwnerServlet - This is a debug message
[INFO ] 2018-11-29 23:24:06.445 [qtp1144499207-20] ListadoOwnerServlet - This is an info message
[WARN ] 2018-11-29 23:24:06.445 [qtp1144499207-20] ListadoOwnerServlet - This is a warn message
[ERROR] 2018-11-29 23:24:06.445 [qtp1144499207-20] ListadoOwnerServlet - This is an error message
[FATAL] 2018-11-29 23:24:06.445 [qtp1144499207-20] ListadoOwnerServlet - This is a fatal message
[INFO ] 2018-11-29 23:24:19.494 [qtp1144499207-20] OwnerService - ESTAS EN EL ListService
[DEBUG] 2018-11-29 23:24:19.609 [qtp1144499207-20] ListadoOwnerServlet - This is a debug message
[INFO ] 2018-11-29 23:24:19.610 [qtp1144499207-20] ListadoOwnerServlet - This is an info message
[WARN ] 2018-11-29 23:24:19.610 [qtp1144499207-20] ListadoOwnerServlet - This is a warn message
[ERROR] 2018-11-29 23:24:19.610 [qtp1144499207-20] ListadoOwnerServlet - This is an error message
[FATAL] 2018-11-29 23:24:19.610 [qtp1144499207-20] ListadoOwnerServlet - This is a fatal message
[INFO ] 2018-11-29 23:24:29.125 [qtp1144499207-17] OwnerService - ESTAS EN EL ListService
[DEBUG] 2018-11-29 23:24:29.238 [qtp1144499207-17] ListadoOwnerServlet - This is a debug message
[INFO ] 2018-11-29 23:24:29.238 [qtp1144499207-17] ListadoOwnerServlet - This is an info message
[WARN ] 2018-11-29 23:24:29.238 [qtp1144499207-17] ListadoOwnerServlet - This is a warn message
[ERROR] 2018-11-29 23:24:29.238 [qtp1144499207-17] ListadoOwnerServlet - This is an error message
[FATAL] 2018-11-29 23:24:29.238 [qtp1144499207-17] ListadoOwnerServlet - This is a fatal message
[INFO ] 2018-11-29 23:24:36.106 [qtp1144499207-17] OwnerService - ESTAS EN EL ListService
[DEBUG] 2018-11-29 23:24:36.358 [qtp1144499207-17] ListadoOwnerServlet - This is a debug message
[INFO ] 2018-11-29 23:24:36.358 [qtp1144499207-17] ListadoOwnerServlet - This is an info message
[WARN ] 2018-11-29 23:24:36.358 [qtp1144499207-17] ListadoOwnerServlet - This is a warn message
[ERROR] 2018-11-29 23:24:36.358 [qtp1144499207-17] ListadoOwnerServlet - This is an error message
[FATAL] 2018-11-29 23:24:36.359 [qtp1144499207-17] ListadoOwnerServlet - This is a fatal message
[INFO ] 2018-12-01 17:56:16.462 [qtp1144499207-42] OwnerService - ESTAS EN EL ListService
[DEBUG] 2018-12-01 17:56:17.080 [qtp1144499207-42] ListadoOwnerServlet - This is a debug message
[INFO ] 2018-12-01 17:56:17.081 [qtp1144499207-42] ListadoOwnerServlet - This is an info message
[WARN ] 2018-12-01 17:56:17.081 [qtp1144499207-42] ListadoOwnerServlet - This is a warn message
[ERROR] 2018-12-01 17:56:17.081 [qtp1144499207-42] ListadoOwnerServlet - This is an error message
[FATAL] 2018-12-01 17:56:17.081 [qtp1144499207-42] ListadoOwnerServlet - This is a fatal message
[INFO ] 2018-12-01 17:56:39.293 [qtp1144499207-26] OwnerService - ESTAS EN EL ListService
[DEBUG] 2018-12-01 17:56:39.521 [qtp1144499207-26] ListadoOwnerServlet - This is a debug message
[INFO ] 2018-12-01 17:56:39.522 [qtp1144499207-26] ListadoOwnerServlet - This is an info message
[WARN ] 2018-12-01 17:56:39.522 [qtp1144499207-26] ListadoOwnerServlet - This is a warn message
[ERROR] 2018-12-01 17:56:39.522 [qtp1144499207-26] ListadoOwnerServlet - This is an error message
[FATAL] 2018-12-01 17:56:39.522 [qtp1144499207-26] ListadoOwnerServlet - This is a fatal message
[INFO ] 2018-12-01 18:15:32.836 [qtp1144499207-65] OwnerService - ESTAS EN EL ListService
[DEBUG] 2018-12-01 18:15:33.492 [qtp1144499207-65] ListadoOwnerServlet - This is a debug message
[INFO ] 2018-12-01 18:15:33.493 [qtp1144499207-65] ListadoOwnerServlet - This is an info message
[WARN ] 2018-12-01 18:15:33.493 [qtp1144499207-65] ListadoOwnerServlet - This is a warn message
[ERROR] 2018-12-01 18:15:33.493 [qtp1144499207-65] ListadoOwnerServlet - This is an error message
[FATAL] 2018-12-01 18:15:33.493 [qtp1144499207-65] ListadoOwnerServlet - This is a fatal message
[INFO ] 2018-12-01 19:33:13.350 [qtp1144499207-14] OwnerService - ESTAS EN EL ListService
[DEBUG] 2018-12-01 19:33:13.772 [qtp1144499207-14] ListadoOwnerServlet - This is a debug message
[INFO ] 2018-12-01 19:33:13.772 [qtp1144499207-14] ListadoOwnerServlet - This is an info message
[WARN ] 2018-12-01 19:33:13.772 [qtp1144499207-14] ListadoOwnerServlet - This is a warn message
[ERROR] 2018-12-01 19:33:13.772 [qtp1144499207-14] ListadoOwnerServlet - This is an error message
[FATAL] 2018-12-01 19:33:13.773 [qtp1144499207-14] ListadoOwnerServlet - This is a fatal message
[INFO ] 2018-12-01 19:35:26.902 [qtp1144499207-62] OwnerService - ESTAS EN EL ListService
[DEBUG] 2018-12-01 19:35:27.325 [qtp1144499207-62] ListadoOwnerServlet - This is a debug message
[INFO ] 2018-12-01 19:35:27.325 [qtp1144499207-62] ListadoOwnerServlet - This is an info message
[WARN ] 2018-12-01 19:35:27.325 [qtp1144499207-62] ListadoOwnerServlet - This is a warn message
[ERROR] 2018-12-01 19:35:27.325 [qtp1144499207-62] ListadoOwnerServlet - This is an error message
[FATAL] 2018-12-01 19:35:27.325 [qtp1144499207-62] ListadoOwnerServlet - This is a fatal message
[INFO ] 2018-12-01 19:35:45.642 [qtp1144499207-54] OwnerService - ESTAS EN EL ListService
[DEBUG] 2018-12-01 19:35:45.890 [qtp1144499207-54] ListadoOwnerServlet - This is a debug message
[INFO ] 2018-12-01 19:35:45.890 [qtp1144499207-54] ListadoOwnerServlet - This is an info message
[WARN ] 2018-12-01 19:35:45.890 [qtp1144499207-54] ListadoOwnerServlet - This is a warn message
[ERROR] 2018-12-01 19:35:45.890 [qtp1144499207-54] ListadoOwnerServlet - This is an error message
[FATAL] 2018-12-01 19:35:45.890 [qtp1144499207-54] ListadoOwnerServlet - This is a fatal message
[INFO ] 2018-12-01 19:35:53.661 [qtp1144499207-62] OwnerService - ESTAS EN EL ListService
[DEBUG] 2018-12-01 19:35:54.080 [qtp1144499207-62] ListadoOwnerServlet - This is a debug message
[INFO ] 2018-12-01 19:35:54.080 [qtp1144499207-62] ListadoOwnerServlet - This is an info message
[WARN ] 2018-12-01 19:35:54.080 [qtp1144499207-62] ListadoOwnerServlet - This is a warn message
[ERROR] 2018-12-01 19:35:54.081 [qtp1144499207-62] ListadoOwnerServlet - This is an error message
[FATAL] 2018-12-01 19:35:54.081 [qtp1144499207-62] ListadoOwnerServlet - This is a fatal message
[INFO ] 2018-12-01 19:41:06.489 [qtp1144499207-99] OwnerService - ESTAS EN EL ListService
[DEBUG] 2018-12-01 19:41:06.732 [qtp1144499207-99] ListadoOwnerServlet - This is a debug message
[INFO ] 2018-12-01 19:41:06.732 [qtp1144499207-99] ListadoOwnerServlet - This is an info message
[WARN ] 2018-12-01 19:41:06.733 [qtp1144499207-99] ListadoOwnerServlet - This is a warn message
[ERROR] 2018-12-01 19:41:06.733 [qtp1144499207-99] ListadoOwnerServlet - This is an error message
[FATAL] 2018-12-01 19:41:06.733 [qtp1144499207-99] ListadoOwnerServlet - This is a fatal message
[INFO ] 2018-12-01 19:42:02.208 [qtp1144499207-98] OwnerService - ESTAS EN EL ListService
[DEBUG] 2018-12-01 19:42:02.531 [qtp1144499207-98] ListadoOwnerServlet - This is a debug message
[INFO ] 2018-12-01 19:42:02.532 [qtp1144499207-98] ListadoOwnerServlet - This is an info message
[WARN ] 2018-12-01 19:42:02.532 [qtp1144499207-98] ListadoOwnerServlet - This is a warn message
[ERROR] 2018-12-01 19:42:02.532 [qtp1144499207-98] ListadoOwnerServlet - This is an error message
[FATAL] 2018-12-01 19:42:02.532 [qtp1144499207-98] ListadoOwnerServlet - This is a fatal message
[INFO ] 2018-12-01 19:44:14.950 [qtp1144499207-97] OwnerService - ESTAS EN EL ListService
[DEBUG] 2018-12-01 19:44:15.268 [qtp1144499207-97] ListadoOwnerServlet - This is a debug message
[INFO ] 2018-12-01 19:44:15.268 [qtp1144499207-97] ListadoOwnerServlet - This is an info message
[WARN ] 2018-12-01 19:44:15.268 [qtp1144499207-97] ListadoOwnerServlet - This is a warn message
[ERROR] 2018-12-01 19:44:15.269 [qtp1144499207-97] ListadoOwnerServlet - This is an error message
[FATAL] 2018-12-01 19:44:15.269 [qtp1144499207-97] ListadoOwnerServlet - This is a fatal message
[INFO ] 2018-12-01 19:45:17.582 [qtp2040548959-19] OwnerService - ESTAS EN EL ListService
[DEBUG] 2018-12-01 19:45:17.800 [qtp2040548959-19] ListadoOwnerServlet - This is a debug message
[INFO ] 2018-12-01 19:45:17.800 [qtp2040548959-19] ListadoOwnerServlet - This is an info message
[WARN ] 2018-12-01 19:45:17.801 [qtp2040548959-19] ListadoOwnerServlet - This is a warn message
[ERROR] 2018-12-01 19:45:17.801 [qtp2040548959-19] ListadoOwnerServlet - This is an error message
[FATAL] 2018-12-01 19:45:17.801 [qtp2040548959-19] ListadoOwnerServlet - This is a fatal message
[INFO ] 2018-12-01 19:47:26.332 [qtp2040548959-19] OwnerService - ESTAS EN EL ListService
[DEBUG] 2018-12-01 19:47:26.684 [qtp2040548959-19] ListadoOwnerServlet - This is a debug message
[INFO ] 2018-12-01 19:47:26.685 [qtp2040548959-19] ListadoOwnerServlet - This is an info message
[WARN ] 2018-12-01 19:47:26.685 [qtp2040548959-19] ListadoOwnerServlet - This is a warn message
[ERROR] 2018-12-01 19:47:26.685 [qtp2040548959-19] ListadoOwnerServlet - This is an error message
[FATAL] 2018-12-01 19:47:26.685 [qtp2040548959-19] ListadoOwnerServlet - This is a fatal message
[INFO ] 2018-12-02 17:04:35.713 [qtp448131210-18] OwnerService - ESTAS EN EL ListService
[DEBUG] 2018-12-02 17:04:36.339 [qtp448131210-18] ListadoOwnerServlet - This is a debug message
[INFO ] 2018-12-02 17:04:36.339 [qtp448131210-18] ListadoOwnerServlet - This is an info message
[WARN ] 2018-12-02 17:04:36.340 [qtp448131210-18] ListadoOwnerServlet - This is a warn message
[ERROR] 2018-12-02 17:04:36.340 [qtp448131210-18] ListadoOwnerServlet - This is an error message
[FATAL] 2018-12-02 17:04:36.340 [qtp448131210-18] ListadoOwnerServlet - This is a fatal message
[INFO ] 2018-12-02 17:12:28.173 [qtp448131210-14] OwnerService - ESTAS EN EL ListService
[DEBUG] 2018-12-02 17:12:28.502 [qtp448131210-14] ListadoOwnerServlet - This is a debug message
[INFO ] 2018-12-02 17:12:28.503 [qtp448131210-14] ListadoOwnerServlet - This is an info message
[WARN ] 2018-12-02 17:12:28.503 [qtp448131210-14] ListadoOwnerServlet - This is a warn message
[ERROR] 2018-12-02 17:12:28.503 [qtp448131210-14] ListadoOwnerServlet - This is an error message
[FATAL] 2018-12-02 17:12:28.503 [qtp448131210-14] ListadoOwnerServlet - This is a fatal message
[INFO ] 2018-12-02 17:12:37.477 [qtp448131210-20] OwnerService - ESTAS EN EL ListService
[DEBUG] 2018-12-02 17:12:37.794 [qtp448131210-20] ListadoOwnerServlet - This is a debug message
[INFO ] 2018-12-02 17:12:37.795 [qtp448131210-20] ListadoOwnerServlet - This is an info message
[WARN ] 2018-12-02 17:12:37.795 [qtp448131210-20] ListadoOwnerServlet - This is a warn message
[ERROR] 2018-12-02 17:12:37.795 [qtp448131210-20] ListadoOwnerServlet - This is an error message
[FATAL] 2018-12-02 17:12:37.795 [qtp448131210-20] ListadoOwnerServlet - This is a fatal message
[INFO ] 2018-12-02 17:16:22.062 [qtp448131210-38] OwnerService - ESTAS EN EL ListService
[DEBUG] 2018-12-02 17:16:22.483 [qtp448131210-38] ListadoOwnerServlet - This is a debug message
[INFO ] 2018-12-02 17:16:22.483 [qtp448131210-38] ListadoOwnerServlet - This is an info message
[WARN ] 2018-12-02 17:16:22.483 [qtp448131210-38] ListadoOwnerServlet - This is a warn message
[ERROR] 2018-12-02 17:16:22.483 [qtp448131210-38] ListadoOwnerServlet - This is an error message
[FATAL] 2018-12-02 17:16:22.484 [qtp448131210-38] ListadoOwnerServlet - This is a fatal message
[INFO ] 2018-12-02 17:16:58.105 [qtp835070183-15] OwnerService - ESTAS EN EL ListService
[DEBUG] 2018-12-02 17:16:58.744 [qtp835070183-15] ListadoOwnerServlet - This is a debug message
[INFO ] 2018-12-02 17:16:58.744 [qtp835070183-15] ListadoOwnerServlet - This is an info message
[WARN ] 2018-12-02 17:16:58.744 [qtp835070183-15] ListadoOwnerServlet - This is a warn message
[ERROR] 2018-12-02 17:16:58.744 [qtp835070183-15] ListadoOwnerServlet - This is an error message
[FATAL] 2018-12-02 17:16:58.744 [qtp835070183-15] ListadoOwnerServlet - This is a fatal message
[INFO ] 2018-12-02 17:17:07.781 [qtp835070183-17] OwnerService - ESTAS EN EL ListService
[DEBUG] 2018-12-02 17:17:08.116 [qtp835070183-17] ListadoOwnerServlet - This is a debug message
[INFO ] 2018-12-02 17:17:08.116 [qtp835070183-17] ListadoOwnerServlet - This is an info message
[WARN ] 2018-12-02 17:17:08.116 [qtp835070183-17] ListadoOwnerServlet - This is a warn message
[ERROR] 2018-12-02 17:17:08.116 [qtp835070183-17] ListadoOwnerServlet - This is an error message
[FATAL] 2018-12-02 17:17:08.116 [qtp835070183-17] ListadoOwnerServlet - This is a fatal message
[INFO ] 2018-12-02 17:18:45.356 [qtp835070183-17] OwnerService - ESTAS EN EL ListService
[DEBUG] 2018-12-02 17:18:45.703 [qtp835070183-17] ListadoOwnerServlet - This is a debug message
[INFO ] 2018-12-02 17:18:45.703 [qtp835070183-17] ListadoOwnerServlet - This is an info message
[WARN ] 2018-12-02 17:18:45.703 [qtp835070183-17] ListadoOwnerServlet - This is a warn message
[ERROR] 2018-12-02 17:18:45.704 [qtp835070183-17] ListadoOwnerServlet - This is an error message
[FATAL] 2018-12-02 17:18:45.704 [qtp835070183-17] ListadoOwnerServlet - This is a fatal message
[INFO ] 2018-12-02 17:18:46.668 [qtp835070183-13] OwnerService - ESTAS EN EL ListService
[DEBUG] 2018-12-02 17:18:47.095 [qtp835070183-13] ListadoOwnerServlet - This is a debug message
[INFO ] 2018-12-02 17:18:47.095 [qtp835070183-13] ListadoOwnerServlet - This is an info message
[WARN ] 2018-12-02 17:18:47.095 [qtp835070183-13] ListadoOwnerServlet - This is a warn message
[ERROR] 2018-12-02 17:18:47.096 [qtp835070183-13] ListadoOwnerServlet - This is an error message
[FATAL] 2018-12-02 17:18:47.096 [qtp835070183-13] ListadoOwnerServlet - This is a fatal message
[INFO ] 2018-12-02 17:19:00.737 [qtp835070183-13] OwnerService - ESTAS EN EL ListService
[DEBUG] 2018-12-02 17:19:01.058 [qtp835070183-13] ListadoOwnerServlet - This is a debug message
[INFO ] 2018-12-02 17:19:01.059 [qtp835070183-13] ListadoOwnerServlet - This is an info message
[WARN ] 2018-12-02 17:19:01.059 [qtp835070183-13] ListadoOwnerServlet - This is a warn message
[ERROR] 2018-12-02 17:19:01.059 [qtp835070183-13] ListadoOwnerServlet - This is an error message
[FATAL] 2018-12-02 17:19:01.059 [qtp835070183-13] ListadoOwnerServlet - This is a fatal message
[INFO ] 2018-12-02 17:19:29.688 [qtp835070183-15] OwnerService - ESTAS EN EL ListService
[DEBUG] 2018-12-02 17:19:29.939 [qtp835070183-15] ListadoOwnerServlet - This is a debug message
[INFO ] 2018-12-02 17:19:29.939 [qtp835070183-15] ListadoOwnerServlet - This is an info message
[WARN ] 2018-12-02 17:19:29.939 [qtp835070183-15] ListadoOwnerServlet - This is a warn message
[ERROR] 2018-12-02 17:19:29.939 [qtp835070183-15] ListadoOwnerServlet - This is an error message
[FATAL] 2018-12-02 17:19:29.940 [qtp835070183-15] ListadoOwnerServlet - This is a fatal message
[INFO ] 2018-12-02 17:21:44.337 [qtp835070183-13] OwnerService - ESTAS EN EL ListService
[DEBUG] 2018-12-02 17:21:44.763 [qtp835070183-13] ListadoOwnerServlet - This is a debug message
[INFO ] 2018-12-02 17:21:44.763 [qtp835070183-13] ListadoOwnerServlet - This is an info message
[WARN ] 2018-12-02 17:21:44.763 [qtp835070183-13] ListadoOwnerServlet - This is a warn message
[ERROR] 2018-12-02 17:21:44.763 [qtp835070183-13] ListadoOwnerServlet - This is an error message
[FATAL] 2018-12-02 17:21:44.764 [qtp835070183-13] ListadoOwnerServlet - This is a fatal message
[INFO ] 2018-12-02 17:22:43.552 [qtp835070183-13] OwnerService - ESTAS EN EL ListService
[DEBUG] 2018-12-02 17:22:43.879 [qtp835070183-13] ListadoOwnerServlet - This is a debug message
[INFO ] 2018-12-02 17:22:43.880 [qtp835070183-13] ListadoOwnerServlet - This is an info message
[WARN ] 2018-12-02 17:22:43.881 [qtp835070183-13] ListadoOwnerServlet - This is a warn message
[ERROR] 2018-12-02 17:22:43.881 [qtp835070183-13] ListadoOwnerServlet - This is an error message
[FATAL] 2018-12-02 17:22:43.881 [qtp835070183-13] ListadoOwnerServlet - This is a fatal message
[INFO ] 2018-12-02 18:43:57.700 [qtp835070183-17] OwnerService - ESTAS EN EL ListService
[DEBUG] 2018-12-02 18:43:58.319 [qtp835070183-17] ListadoOwnerServlet - This is a debug message
[INFO ] 2018-12-02 18:43:58.319 [qtp835070183-17] ListadoOwnerServlet - This is an info message
[WARN ] 2018-12-02 18:43:58.319 [qtp835070183-17] ListadoOwnerServlet - This is a warn message
[ERROR] 2018-12-02 18:43:58.320 [qtp835070183-17] ListadoOwnerServlet - This is an error message
[FATAL] 2018-12-02 18:43:58.320 [qtp835070183-17] ListadoOwnerServlet - This is a fatal message
[INFO ] 2018-12-02 18:45:01.533 [qtp835070183-13] OwnerService - ESTAS EN EL ListService
[DEBUG] 2018-12-02 18:45:01.773 [qtp835070183-13] ListadoOwnerServlet - This is a debug message
[INFO ] 2018-12-02 18:45:01.773 [qtp835070183-13] ListadoOwnerServlet - This is an info message
[WARN ] 2018-12-02 18:45:01.773 [qtp835070183-13] ListadoOwnerServlet - This is a warn message
[ERROR] 2018-12-02 18:45:01.773 [qtp835070183-13] ListadoOwnerServlet - This is an error message
[FATAL] 2018-12-02 18:45:01.773 [qtp835070183-13] ListadoOwnerServlet - This is a fatal message
[INFO ] 2018-12-02 18:45:03.527 [qtp835070183-15] OwnerService - ESTAS EN EL ListService
[DEBUG] 2018-12-02 18:45:03.758 [qtp835070183-15] ListadoOwnerServlet - This is a debug message
[INFO ] 2018-12-02 18:45:03.758 [qtp835070183-15] ListadoOwnerServlet - This is an info message
[WARN ] 2018-12-02 18:45:03.758 [qtp835070183-15] ListadoOwnerServlet - This is a warn message
[ERROR] 2018-12-02 18:45:03.758 [qtp835070183-15] ListadoOwnerServlet - This is an error message
[FATAL] 2018-12-02 18:45:03.758 [qtp835070183-15] ListadoOwnerServlet - This is a fatal message
[INFO ] 2018-12-02 18:45:46.672 [qtp835070183-98] OwnerService - ESTAS EN EL ListService
[DEBUG] 2018-12-02 18:45:47.204 [qtp835070183-98] ListadoOwnerServlet - This is a debug message
[INFO ] 2018-12-02 18:45:47.205 [qtp835070183-98] ListadoOwnerServlet - This is an info message
[WARN ] 2018-12-02 18:45:47.205 [qtp835070183-98] ListadoOwnerServlet - This is a warn message
[ERROR] 2018-12-02 18:45:47.205 [qtp835070183-98] ListadoOwnerServlet - This is an error message
[FATAL] 2018-12-02 18:45:47.205 [qtp835070183-98] ListadoOwnerServlet - This is a fatal message
[INFO ] 2018-12-02 19:03:57.572 [qtp1058984040-17] OwnerService - ESTAS EN EL ListService
[DEBUG] 2018-12-02 19:03:58.167 [qtp1058984040-17] ListadoOwnerServlet - This is a debug message
[INFO ] 2018-12-02 19:03:58.168 [qtp1058984040-17] ListadoOwnerServlet - This is an info message
[WARN ] 2018-12-02 19:03:58.168 [qtp1058984040-17] ListadoOwnerServlet - This is a warn message
[ERROR] 2018-12-02 19:03:58.168 [qtp1058984040-17] ListadoOwnerServlet - This is an error message
[FATAL] 2018-12-02 19:03:58.168 [qtp1058984040-17] ListadoOwnerServlet - This is a fatal message
[INFO ] 2019-01-04 13:22:14.480 [qtp1670479841-16] ActorService - listAllActores method...
[INFO ] 2019-01-04 13:25:03.350 [qtp1670479841-16] ActorService - listAllActores method...
[INFO ] 2019-01-04 13:25:14.214 [qtp1670479841-21] ActorService - listAllActores method...
[INFO ] 2019-01-04 13:25:59.139 [qtp1670479841-16] ActorService - listAllActores method...
[INFO ] 2019-01-05 12:52:47.740 [qtp1900971551-15] ActorService - listAllActores method...
[INFO ] 2019-01-05 12:52:58.839 [qtp1900971551-31] PeliculaService - listAllPeliculas
[INFO ] 2019-01-05 13:02:24.506 [qtp1900971551-16] PeliculaService - listAllPeliculas
[INFO ] 2019-01-05 13:02:27.869 [qtp1900971551-17] PeliculaService - listAllPeliculas
[INFO ] 2019-01-05 13:09:22.720 [qtp1900971551-30] PeliculaService - listAllPeliculas
[INFO ] 2019-01-05 13:09:28.002 [qtp1900971551-21] PeliculaService - listAllPeliculas
[INFO ] 2019-01-05 13:10:07.234 [qtp1900971551-16] ActorService - listAllActores method...
[INFO ] 2019-01-05 13:16:06.116 [qtp1900971551-21] PeliculaService - listAllPeliculas
[INFO ] 2019-01-05 13:22:08.228 [qtp37427881-15] ActorService - listAllActores method...
[INFO ] 2019-01-05 13:27:57.387 [qtp37427881-33] PeliculaService - listAllPeliculas
[INFO ] 2019-01-05 18:48:35.748 [qtp1703040426-15] PeliculaService - listAllPeliculas
[INFO ] 2019-01-05 18:53:57.616 [qtp1703040426-17] PeliculaService - listAllPeliculas
[INFO ] 2019-01-05 18:54:28.841 [qtp1703040426-21] PeliculaService - listAllPeliculas
[INFO ] 2019-01-05 18:54:41.039 [qtp1703040426-21] PeliculaService - listAllPeliculas
[INFO ] 2019-01-05 18:54:53.812 [qtp1703040426-18] ActorService - listAllActores method...
[INFO ] 2019-01-05 20:11:06.350 [qtp509104428-21] PeliculaService - listAllPeliculas
[INFO ] 2019-01-05 21:43:47.068 [qtp509104428-16] PeliculaService - listAllPeliculas
[INFO ] 2019-01-06 16:57:28.865 [qtp509104428-16] PeliculaService - listAllPeliculas
[INFO ] 2019-01-06 16:58:31.354 [qtp509104428-21] ActorService - listAllActores method...
[INFO ] 2019-01-06 16:58:36.695 [qtp509104428-14] PeliculaService - listAllPeliculas
[INFO ] 2019-01-06 16:59:00.567 [qtp509104428-17] PeliculaService - listAllPeliculas
[INFO ] 2019-01-06 16:59:12.326 [qtp509104428-16] PeliculaService - listAllPeliculas
[INFO ] 2019-01-06 17:02:03.027 [qtp509104428-16] ActorService - listAllActores method...
[INFO ] 2019-01-06 17:12:34.490 [qtp509104428-16] PeliculaService - listAllPeliculas
[INFO ] 2019-01-06 17:19:40.930 [qtp1342373353-16] PeliculaService - listAllPeliculas
[INFO ] 2019-01-06 17:20:43.655 [qtp1991010480-17] PeliculaService - listAllPeliculas
[INFO ] 2019-01-06 17:25:29.913 [qtp1991010480-19] PeliculaService - listAllPeliculas
[INFO ] 2019-01-06 18:04:04.890 [qtp992054388-21] PeliculaService - listAllPeliculas
[INFO ] 2019-01-06 19:09:13.180 [qtp1703040426-16] DirectorService - ESTAS EN EL ListService
[INFO ] 2019-01-06 19:11:01.628 [qtp277549599-18] DirectorService - ESTAS EN EL ListService
[INFO ] 2019-01-06 19:12:24.416 [qtp1359212194-17] DirectorService - ESTAS EN EL ListService
[INFO ] 2019-01-06 19:13:00.710 [qtp1359212194-16] DirectorService - ESTAS EN EL ListService
[INFO ] 2019-01-06 19:13:13.105 [qtp1359212194-18] ActorService - listAllActores method...
[INFO ] 2019-01-06 19:13:18.728 [qtp1359212194-17] DirectorService - ESTAS EN EL ListService
[INFO ] 2019-01-06 19:18:09.281 [qtp2016512706-17] ActorService - listAllActores method...
[INFO ] 2019-01-06 19:19:41.391 [qtp2016512706-18] DirectorService - ESTAS EN EL ListService
[INFO ] 2019-01-06 19:20:24.130 [qtp2016512706-16] DirectorService - ESTAS EN EL ListService
[INFO ] 2019-01-06 19:24:08.944 [qtp2016512706-17] DirectorService - ESTAS EN EL ListService
[INFO ] 2019-01-06 19:27:03.617 [qtp2016512706-16] DirectorService - ESTAS EN EL ListService
[INFO ] 2019-01-06 19:27:29.606 [qtp2016512706-20] DirectorService - ESTAS EN EL ListService
[INFO ] 2019-01-06 19:28:38.405 [qtp2016512706-17] ActorService - listAllActores method...
[INFO ] 2019-01-06 19:29:17.912 [qtp2016512706-15] ActorService - listAllActores method...
[INFO ] 2019-01-06 19:30:08.893 [qtp1703040426-21] ActorService - listAllActores method...
[INFO ] 2019-01-06 19:30:21.922 [qtp1703040426-18] ActorService - listAllActores method...
[INFO ] 2019-01-06 19:32:51.113 [qtp1703040426-17] ActorService - listAllActores method...
[INFO ] 2019-01-06 19:33:09.961 [qtp1703040426-18] ActorService - listAllActores method...
[INFO ] 2019-01-06 19:33:18.078 [qtp1703040426-17] ActorService - listAllActores method...
[INFO ] 2019-01-06 19:34:16.421 [qtp1703040426-18] ActorService - listAllActores method...
[INFO ] 2019-01-06 19:36:57.784 [qtp1982072255-17] DirectorService - ESTAS EN EL ListService
[INFO ] 2019-01-06 19:37:39.486 [qtp1982072255-17] DirectorService - ESTAS EN EL ListService
[INFO ] 2019-01-06 19:43:58.102 [qtp1982072255-17] ActorService - listAllActores method...
[INFO ] 2019-01-06 19:44:12.264 [qtp1982072255-21] PeliculaService - listAllPeliculas
[INFO ] 2019-01-06 19:49:45.779 [qtp1798239502-18] PeliculaService - listAllPeliculas
[INFO ] 2019-01-06 19:51:21.044 [qtp1703040426-17] PeliculaService - listAllPeliculas
[INFO ] 2019-01-06 19:52:23.237 [qtp1703040426-16] PeliculaService - listAllPeliculas
[INFO ] 2019-01-06 19:53:00.110 [qtp1249070084-18] PeliculaService - listAllPeliculas
[INFO ] 2019-01-06 19:54:03.102 [qtp1703040426-17] PeliculaService - listAllPeliculas
[INFO ] 2019-01-06 19:55:56.316 [qtp1703040426-19] PeliculaService - listAllPeliculas
[INFO ] 2019-01-06 19:56:18.293 [qtp1703040426-17] PeliculaService - listAllPeliculas
[INFO ] 2019-01-06 19:58:08.852 [qtp1703040426-16] PeliculaService - listAllPeliculas
[INFO ] 2019-01-06 19:59:29.846 [qtp1703040426-18] PeliculaService - listAllPeliculas
[INFO ] 2019-01-06 20:02:09.260 [qtp1703040426-19] PeliculaService - listAllPeliculas
[INFO ] 2019-01-07 18:23:35.855 [qtp1703040426-14] ActorService - listAllActores method...
[INFO ] 2019-01-07 18:24:14.933 [qtp1703040426-14] ActorService - listAllActores method...
[INFO ] 2019-01-07 18:24:40.276 [qtp1703040426-14] ActorService - listAllActores method...
[INFO ] 2019-01-07 18:34:41.097 [qtp1036283684-16] ActorService - listYearActor method...
